<?xml version="1.0" encoding="UTF-8" ?>
<testsuite tests="20" failures="0" name="io.michaelcane.TestCalculatorSpec" time="0.001" errors="0" skipped="0">
  <properties>
[...]
</properties>
  <testcase classname="io.michaelcane.TestCalculatorSpec" name="test$inverseTangent" time="0"/>
  <testcase classname="io.michaelcane.TestCalculatorSpec" name="test$divide" time="0"/>
  <testcase classname="io.michaelcane.TestCalculatorSpec" name="test$multiply" time="0"/>
  <testcase classname="io.michaelcane.TestCalculatorSpec" name="test$cube" time="0"/>
  <testcase classname="io.michaelcane.TestCalculatorSpec" name="test$sin" time="0"/>
  <testcase classname="io.michaelcane.TestCalculatorSpec" name="test$sum" time="0"/>
  <testcase classname="io.michaelcane.TestCalculatorSpec" name="test$inverseCosin" time="0"/>
  <testcase classname="io.michaelcane.TestCalculatorSpec" name="test$square" time="0"/>
  <testcase classname="io.michaelcane.TestCalculatorSpec" name="test$invertPositiveAndNegative" time="0"/>
  <testcase classname="io.michaelcane.TestCalculatorSpec" name="test$squareRoot" time="0"/>
  <testcase classname="io.michaelcane.TestCalculatorSpec" name="test$inverseLogarithm" time="0"/>
  <testcase classname="io.michaelcane.TestCalculatorSpec" name="test$inverseSine" time="0"/>
  <testcase classname="io.michaelcane.TestCalculatorSpec" name="test$cosin" time="0"/>
  <testcase classname="io.michaelcane.TestCalculatorSpec" name="test$naturalLogarithm" time="0"/>
  <testcase classname="io.michaelcane.TestCalculatorSpec" name="test$logarithm" time="0"/>
  <testcase classname="io.michaelcane.TestCalculatorSpec" name="test$subract" time="0.001"/>
  <testcase classname="io.michaelcane.TestCalculatorSpec" name="test$variableExponentiation" time="0"/>
  <testcase classname="io.michaelcane.TestCalculatorSpec" name="test$tangent" time="0"/>
  <testcase classname="io.michaelcane.TestCalculatorSpec" name="test$inverseNaturalLog" time="0"/>
  <testcase classname="io.michaelcane.TestCalculatorSpec" name="test$factorial" time="0"/>
</testsuite>